
/home/runner/work/exp-viscosity-measurement-iitb/exp-viscosity-measurement-iitb/experiment/simulation/common_libraries/js/ts_components/collapse_step.js
   1:10  warning  'show_step' is defined but never used                 no-unused-vars
   2:5   warning  '$' is not defined                                    no-undef
   3:9   warning  '$' is not defined                                    no-undef
   6:10  warning  'hide_step' is defined but never used                 no-unused-vars
   7:5   warning  '$' is not defined                                    no-undef
   8:9   warning  '$' is not defined                                    no-undef
  11:10  warning  'get_collapse_btn_text' is defined but never used     no-unused-vars
  20:10  warning  'get_collapse_btn_element' is defined but never used  no-unused-vars
  29:10  warning  'hide_all_steps' is defined but never used            no-unused-vars
  31:9   warning  '$' is not defined                                    no-undef

/home/runner/work/exp-viscosity-measurement-iitb/exp-viscosity-measurement-iitb/experiment/simulation/common_libraries/js/ts_components/matrix.js
   27:26  warning  'MathJax' is not defined                                no-undef
   32:7   warning  'Matrix_Without_String' is defined but never used       no-unused-vars
   52:26  warning  'MathJax' is not defined                                no-undef
   56:10  warning  'get_matrix_html' is defined but never used             no-unused-vars
   87:13  warning  'row_html' is assigned a value but never used           no-unused-vars
   99:10  warning  'get_matrix_html_with_title' is defined but never used  no-unused-vars
  131:13  warning  'row_html' is assigned a value but never used           no-unused-vars
  143:10  warning  'convert_2d_to_1d_vector' is defined but never used     no-unused-vars
  156:10  warning  'convert_1d_to_2d_matrix' is defined but never used     no-unused-vars

/home/runner/work/exp-viscosity-measurement-iitb/exp-viscosity-measurement-iitb/experiment/simulation/common_libraries/js/ts_components/pannel.js
  8:7  warning  'Pannel' is defined but never used  no-unused-vars

/home/runner/work/exp-viscosity-measurement-iitb/exp-viscosity-measurement-iitb/experiment/simulation/common_libraries/js/ts_components/questions.js
   6:17  warning  'op1' is assigned a value but never used      no-unused-vars
   7:17  warning  'op2' is assigned a value but never used      no-unused-vars
   8:17  warning  'op3' is assigned a value but never used      no-unused-vars
   9:17  warning  'op4' is assigned a value but never used      no-unused-vars
  94:7   warning  'Question_Options' is defined but never used  no-unused-vars

/home/runner/work/exp-viscosity-measurement-iitb/exp-viscosity-measurement-iitb/experiment/simulation/common_libraries/js/ts_components/tables.js
   19:22  warning  'verify_values' is not defined                                     no-undef
  137:22  warning  'verify_values' is not defined                                     no-undef
  260:7   warning  'Verify_Rows_Cols_6_decimal_places' is defined but never used      no-unused-vars
  311:22  warning  'verify_values' is not defined                                     no-undef
  416:7   warning  'Verify_Rows_Cols_Custom_Fixed_Update1' is defined but never used  no-unused-vars
  468:7   warning  'Show_Table_Custom_Fixed' is defined but never used                no-unused-vars
  506:7   warning  'Verify_Rows_Cols_Strings' is defined but never used               no-unused-vars
  527:22  warning  'verify_values' is not defined                                     no-undef
  663:7   warning  'Display_Table' is defined but never used                          no-unused-vars

/home/runner/work/exp-viscosity-measurement-iitb/exp-viscosity-measurement-iitb/experiment/simulation/common_libraries/js/ts_math_library/general_math_functions.js
    1:10  warning  'verify_values' is defined but never used                   no-unused-vars
   17:10  warning  'random1' is defined but never used                         no-unused-vars
   21:10  warning  'std_deviation' is defined but never used                   no-unused-vars
   26:10  warning  'gauss' is defined but never used                           no-unused-vars
   56:10  warning  'hide_panel' is defined but never used                      no-unused-vars
   63:10  warning  'inverse_matrix' is defined but never used                  no-unused-vars
   96:10  warning  'matrix_multiplication' is defined but never used           no-unused-vars
  113:10  warning  'transpose_matrix' is defined but never used                no-unused-vars
  123:10  warning  'matrix_multiplication_8decimal' is defined but never used  no-unused-vars
  140:10  warning  'adjoint_2x2_matrix' is defined but never used              no-unused-vars
  145:10  warning  'find_deteminant' is defined but never used                 no-unused-vars
  174:10  warning  'get_Submatrix' is defined but never used                   no-unused-vars

/home/runner/work/exp-viscosity-measurement-iitb/exp-viscosity-measurement-iitb/experiment/simulation/common_libraries/js/ts_math_library/regression.js
   1:10  warning  'regression_linear' is defined but never used            no-unused-vars
  18:10  warning  'regression_linear_1variable' is defined but never used  no-unused-vars
  27:10  warning  'regression_linear_2variable' is defined but never used  no-unused-vars
  52:11  warning  'gauss' is not defined                                   no-undef

/home/runner/work/exp-viscosity-measurement-iitb/exp-viscosity-measurement-iitb/experiment/simulation/common_libraries/math.ob.js
  1:745  warning  'b' is already defined  no-redeclare

/home/runner/work/exp-viscosity-measurement-iitb/exp-viscosity-measurement-iitb/experiment/simulation/js/activity1.js
   15:9    warning  'MathJax' is not defined                        no-undef
   19:10   warning  'start_act1' is defined but never used          no-unused-vars
   24:20   warning  'get_collapse_btn_text' is not defined          no-undef
   36:57   warning  'sp_gr_a1' is not defined                       no-undef
   36:111  warning  'D_a1' is not defined                           no-undef
   37:63   warning  'L_a1' is not defined                           no-undef
   37:82   warning  'h_a1' is not defined                           no-undef
   38:61   warning  'M_a1' is not defined                           no-undef
   38:75   warning  't_a1' is not defined                           no-undef
   61:5    warning  'hide_all_steps' is not defined                 no-undef
   63:9    warning  'MathJax' is not defined                        no-undef
   66:9    warning  'show_step' is not defined                      no-undef
   71:5    warning  'sp_gr_a1' is not defined                       no-undef
   71:27   warning  'random' is not defined                         no-undef
   72:5    warning  'rho_a1' is not defined                         no-undef
   72:14   warning  'sp_gr_a1' is not defined                       no-undef
   73:5    warning  'D_a1' is not defined                           no-undef
   73:12   warning  'random1' is not defined                        no-undef
   74:5    warning  'L_a1' is not defined                           no-undef
   74:23   warning  'random' is not defined                         no-undef
   75:5    warning  'h_a1' is not defined                           no-undef
   75:23   warning  'random' is not defined                         no-undef
   76:5    warning  'M_a1' is not defined                           no-undef
   76:12   warning  'random1' is not defined                        no-undef
   77:5    warning  't_a1' is not defined                           no-undef
   77:12   warning  'random1' is not defined                        no-undef
   78:5    warning  'mass_fl_rt_a1' is not defined                  no-undef
   78:21   warning  'M_a1' is not defined                           no-undef
   78:28   warning  't_a1' is not defined                           no-undef
   79:5    warning  'Q_a1' is not defined                           no-undef
   79:12   warning  'mass_fl_rt_a1' is not defined                  no-undef
   79:28   warning  'rho_a1' is not defined                         no-undef
   80:5    warning  'mu_a1' is not defined                          no-undef
   80:24   warning  'rho_a1' is not defined                         no-undef
   80:33   warning  'g' is not defined                              no-undef
   80:37   warning  'h_a1' is not defined                           no-undef
   80:53   warning  'D_a1' is not defined                           no-undef
   80:72   warning  'Q_a1' is not defined                           no-undef
   80:79   warning  'L_a1' is not defined                           no-undef
   81:29   warning  'sp_gr_a1' is not defined                       no-undef
   82:27   warning  'rho_a1' is not defined                         no-undef
   83:25   warning  'D_a1' is not defined                           no-undef
   84:25   warning  'L_a1' is not defined                           no-undef
   85:25   warning  'h_a1' is not defined                           no-undef
   86:25   warning  'M_a1' is not defined                           no-undef
   87:25   warning  't_a1' is not defined                           no-undef
   88:34   warning  'mass_fl_rt_a1' is not defined                  no-undef
   89:25   warning  'Q_a1' is not defined                           no-undef
   90:26   warning  'mu_a1' is not defined                          no-undef
   92:10   warning  'a1_verify_m_fl' is defined but never used      no-unused-vars
   94:17   warning  'mass_fl_rt_a1' is not defined                  no-undef
   95:10   warning  'verify_values' is not defined                  no-undef
   95:47   warning  'mass_fl_rt_a1' is not defined                  no-undef
  109:51   warning  'mass_fl_rt_a1' is not defined                  no-undef
  135:9    warning  'MathJax' is not defined                        no-undef
  138:10   warning  'a1_verify_Q' is defined but never used         no-unused-vars
  140:17   warning  'Q_a1' is not defined                           no-undef
  141:10   warning  'verify_values' is not defined                  no-undef
  141:47   warning  'Q_a1' is not defined                           no-undef
  155:57   warning  'Q_a1' is not defined                           no-undef
  166:18   warning  Unnecessary escape character: \μ                no-useless-escape
  166:30   warning  Unnecessary escape character: \π                no-useless-escape
  166:33   warning  Unnecessary escape character: \ρ                no-useless-escape
  177:9    warning  'MathJax' is not defined                        no-undef
  180:10   warning  'a1_verify_mu' is defined but never used        no-unused-vars
  182:17   warning  'mu_a1' is not defined                          no-undef
  183:10   warning  'verify_values' is not defined                  no-undef
  183:47   warning  'mu_a1' is not defined                          no-undef
  197:12   warning  Unnecessary escape character: \μ                no-useless-escape
  197:24   warning  Unnecessary escape character: \π                no-useless-escape
  197:27   warning  Unnecessary escape character: \ρ                no-useless-escape
  197:60   warning  'mu_a1' is not defined                          no-undef
  206:9    warning  'MathJax' is not defined                        no-undef
  209:10   warning  'activity_completed' is defined but never used  no-unused-vars

/home/runner/work/exp-viscosity-measurement-iitb/exp-viscosity-measurement-iitb/experiment/simulation/js/activity2.js
    2:10  warning  'activity2' is defined but never used     no-unused-vars
    5:20  warning  'get_collapse_btn_text' is not defined    no-undef
   17:33  warning  'd_a2' is not defined                     no-undef
   17:57  warning  'dist_a2' is not defined                  no-undef
   17:81  warning  't_a2' is not defined                     no-undef
   18:41  warning  'rho_s_a2' is not defined                 no-undef
   18:87  warning  'rho_f_a2' is not defined                 no-undef
   40:5   warning  'maindiv' is not defined                  no-undef
   41:5   warning  'hide_all_steps' is not defined           no-undef
   43:9   warning  'MathJax' is not defined                  no-undef
   46:9   warning  'show_step' is not defined                no-undef
   51:5   warning  'dist_a2' is not defined                  no-undef
   51:15  warning  'random1' is not defined                  no-undef
   52:5   warning  'rho_s_a2' is not defined                 no-undef
   52:16  warning  'random1' is not defined                  no-undef
   53:5   warning  'rho_f_a2' is not defined                 no-undef
   53:16  warning  'random1' is not defined                  no-undef
   54:5   warning  'U_a2' is not defined                     no-undef
   54:12  warning  'dist_a2' is not defined                  no-undef
   54:22  warning  't_a2' is not defined                     no-undef
   55:5   warning  'mu_a2' is not defined                    no-undef
   55:15  warning  'g' is not defined                        no-undef
   55:28  warning  'd_a2' is not defined                     no-undef
   55:46  warning  'U_a2' is not defined                     no-undef
   55:56  warning  'rho_s_a2' is not defined                 no-undef
   55:67  warning  'rho_f_a2' is not defined                 no-undef
   56:28  warning  'dist_a2' is not defined                  no-undef
   57:29  warning  'rho_s_a2' is not defined                 no-undef
   58:29  warning  'rho_f_a2' is not defined                 no-undef
   59:25  warning  'U_a2' is not defined                     no-undef
   60:26  warning  'mu_a2' is not defined                    no-undef
   62:10  warning  'a2_verify_u' is defined but never used   no-unused-vars
   64:17  warning  'U_a2' is not defined                     no-undef
   65:10  warning  'verify_values' is not defined            no-undef
   65:47  warning  'U_a2' is not defined                     no-undef
   79:60  warning  'U_a2' is not defined                     no-undef
  102:9   warning  'MathJax' is not defined                  no-undef
  105:10  warning  'a2_verify_mu' is defined but never used  no-unused-vars
  107:17  warning  'mu_a2' is not defined                    no-undef
  108:10  warning  'verify_values' is not defined            no-undef
  108:47  warning  'mu_a2' is not defined                    no-undef
  122:85  warning  'mu_a2' is not defined                    no-undef
  130:9   warning  'MathJax' is not defined                  no-undef

/home/runner/work/exp-viscosity-measurement-iitb/exp-viscosity-measurement-iitb/experiment/simulation/js/activity3.js
    2:10   warning  'activity3' is defined but never used        no-unused-vars
    5:20   warning  'get_collapse_btn_text' is not defined       no-undef
   17:112  warning  'D1_a3' is not defined                       no-undef
   18:43   warning  'D2_a3' is not defined                       no-undef
   18:97   warning  'H1_a3' is not defined                       no-undef
   19:64   warning  'h_a3' is not defined                        no-undef
   20:46   warning  'N_a3' is not defined                        no-undef
   20:137  warning  'T_a3' is not defined                        no-undef
   25:95   warning  'H1_a3' is not defined                       no-undef
   28:41   warning  'h_a3' is not defined                        no-undef
   48:5    warning  'maindiv' is not defined                     no-undef
   49:5    warning  'hide_all_steps' is not defined              no-undef
   51:9    warning  'MathJax' is not defined                     no-undef
   54:9    warning  'show_step' is not defined                   no-undef
   59:5    warning  'D1_a3' is not defined                       no-undef
   59:13   warning  'random1' is not defined                     no-undef
   60:5    warning  'D2_a3' is not defined                       no-undef
   60:13   warning  'D1_a3' is not defined                       no-undef
   61:5    warning  'R1_a3' is not defined                       no-undef
   61:13   warning  'D1_a3' is not defined                       no-undef
   62:5    warning  'R2_a3' is not defined                       no-undef
   62:13   warning  'D2_a3' is not defined                       no-undef
   63:5    warning  'H1_a3' is not defined                       no-undef
   63:13   warning  'random1' is not defined                     no-undef
   64:5    warning  'N_a3' is not defined                        no-undef
   64:12   warning  'random1' is not defined                     no-undef
   65:5    warning  'T_a3' is not defined                        no-undef
   65:23   warning  'random' is not defined                      no-undef
   66:5    warning  'H_a3' is not defined                        no-undef
   66:12   warning  'H1_a3' is not defined                       no-undef
   66:20   warning  'h_a3' is not defined                        no-undef
   67:5    warning  'w_a3' is not defined                        no-undef
   67:27   warning  'N_a3' is not defined                        no-undef
   68:5    warning  'mu_a3' is not defined                       no-undef
   69:15   warning  'R2_a3' is not defined                       no-undef
   69:23   warning  'R1_a3' is not defined                       no-undef
   69:32   warning  'h_a3' is not defined                        no-undef
   69:39   warning  'T_a3' is not defined                        no-undef
   71:26   warning  'R1_a3' is not defined                       no-undef
   72:17   warning  'w_a3' is not defined                        no-undef
   73:22   warning  'H_a3' is not defined                        no-undef
   73:29   warning  'h_a3' is not defined                        no-undef
   73:36   warning  'R2_a3' is not defined                       no-undef
   73:53   warning  'R1_a3' is not defined                       no-undef
   73:66   warning  'R2_a3' is not defined                       no-undef
   73:74   warning  'R1_a3' is not defined                       no-undef
   74:33   warning  'D1_a3' is not defined                       no-undef
   75:33   warning  'D2_a3' is not defined                       no-undef
   76:32   warning  'R1_a3' is not defined                       no-undef
   77:32   warning  'R2_a3' is not defined                       no-undef
   78:32   warning  'H1_a3' is not defined                       no-undef
   79:26   warning  'N_a3' is not defined                        no-undef
   80:26   warning  'T_a3' is not defined                        no-undef
   81:26   warning  'H_a3' is not defined                        no-undef
   82:26   warning  'w_a3' is not defined                        no-undef
   83:27   warning  'mu_a3' is not defined                       no-undef
   85:10   warning  'a3_verify_H' is defined but never used      no-unused-vars
   87:17   warning  'H_a3' is not defined                        no-undef
   88:10   warning  'verify_values' is not defined               no-undef
   88:47   warning  'H_a3' is not defined                        no-undef
  102:41   warning  'H_a3' is not defined                        no-undef
  113:18   warning  Unnecessary escape character: \ω             no-useless-escape
  113:31   warning  Unnecessary escape character: \π             no-useless-escape
  125:9    warning  'MathJax' is not defined                     no-undef
  128:10   warning  'a3_verify_speed' is defined but never used  no-unused-vars
  130:17   warning  'w_a3' is not defined                        no-undef
  131:10   warning  'verify_values' is not defined               no-undef
  131:47   warning  'w_a3' is not defined                        no-undef
  145:12   warning  Unnecessary escape character: \ω             no-useless-escape
  145:25   warning  Unnecessary escape character: \π             no-useless-escape
  145:51   warning  'w_a3' is not defined                        no-undef
  154:12   warning  Unnecessary escape character: \μ             no-useless-escape
  154:49   warning  Unnecessary escape character: \×             no-useless-escape
  154:56   warning  Unnecessary escape character: \π             no-useless-escape
  157:18   warning  Unnecessary escape character: \μ             no-useless-escape
  169:9    warning  'MathJax' is not defined                     no-undef
  172:10   warning  'a3_verify_mu' is defined but never used     no-unused-vars
  174:17   warning  'mu_a3' is not defined                       no-undef
  175:10   warning  'verify_values' is not defined               no-undef
  175:47   warning  'mu_a3' is not defined                       no-undef
  189:12   warning  Unnecessary escape character: \μ             no-useless-escape
  189:49   warning  Unnecessary escape character: \×             no-useless-escape
  189:56   warning  Unnecessary escape character: \π             no-useless-escape
  189:143  warning  'mu_a3' is not defined                       no-undef
  198:9    warning  'MathJax' is not defined                     no-undef

/home/runner/work/exp-viscosity-measurement-iitb/exp-viscosity-measurement-iitb/experiment/simulation/js/data.js
   1:5  warning  'g' is assigned a value but never used         no-unused-vars
   4:5  warning  'D_a1' is assigned a value but never used      no-unused-vars
   5:5  warning  'rho_a1' is assigned a value but never used    no-unused-vars
   6:5  warning  'L_a1' is assigned a value but never used      no-unused-vars
   7:5  warning  'h_a1' is assigned a value but never used      no-unused-vars
   8:5  warning  'M_a1' is assigned a value but never used      no-unused-vars
   9:5  warning  't_a1' is assigned a value but never used      no-unused-vars
  10:5  warning  'mass_fl_rt_a1' is defined but never used      no-unused-vars
  11:5  warning  'Q_a1' is defined but never used               no-unused-vars
  12:5  warning  'mu_a1' is defined but never used              no-unused-vars
  14:5  warning  'd_a2' is assigned a value but never used      no-unused-vars
  15:5  warning  'dist_a2' is assigned a value but never used   no-unused-vars
  16:5  warning  't_a2' is assigned a value but never used      no-unused-vars
  17:5  warning  'rho_s_a2' is assigned a value but never used  no-unused-vars
  18:5  warning  'rho_f_a2' is assigned a value but never used  no-unused-vars
  19:5  warning  'U_a2' is defined but never used               no-unused-vars
  20:5  warning  'mu_a2' is defined but never used              no-unused-vars
  24:5  warning  'R1_a3' is assigned a value but never used     no-unused-vars
  25:5  warning  'R2_a3' is assigned a value but never used     no-unused-vars
  26:5  warning  'N_a3' is assigned a value but never used      no-unused-vars
  27:5  warning  'T_a3' is assigned a value but never used      no-unused-vars
  28:5  warning  'H1_a3' is assigned a value but never used     no-unused-vars
  29:5  warning  'h_a3' is assigned a value but never used      no-unused-vars
  30:5  warning  'H_a3' is defined but never used               no-unused-vars
  31:5  warning  'w_a3' is defined but never used               no-unused-vars
  32:5  warning  'mu_a3' is defined but never used              no-unused-vars

/home/runner/work/exp-viscosity-measurement-iitb/exp-viscosity-measurement-iitb/experiment/simulation/js/screen_size.js
  1:10  warning  'set_screen_size' is defined but never used  no-unused-vars

✖ 280 problems (0 errors, 280 warnings)

